<?xml version="1.0" encoding="UTF-8"?>
<!-- Generated by org.testng.reporters.JUnitReportReporter -->
<testsuite hostname="PC1-PC" name="Test" tests="1" failures="0" timestamp="12 Apr 2016 12:11:54 GMT" time="19.558" errors="0">
  <testcase name="main" time="19.558" classname="Test"/>
</testsuite> <!-- Test -->
