<?xml version="1.0" encoding="UTF-8"?>
<!-- Generated by org.testng.reporters.JUnitReportReporter -->
<testsuite hostname="PC1-PC" name="Test" tests="1" failures="0" timestamp="13 Apr 2016 05:19:30 GMT" time="39.354" errors="0">
  <testcase name="main" time="39.354" classname="Test"/>
</testsuite> <!-- Test -->
