<?xml version="1.0" encoding="UTF-8"?>
<!-- Generated by org.testng.reporters.JUnitReportReporter -->
<testsuite hostname="PC1-PC" name="Test" tests="1" failures="0" timestamp="12 Apr 2016 13:05:43 GMT" time="25.609" errors="0">
  <testcase name="main" time="25.609" classname="Test"/>
</testsuite> <!-- Test -->
