<?xml version="1.0" encoding="UTF-8"?>
<!-- Generated by org.testng.reporters.JUnitReportReporter -->
<testsuite hostname="PC1-PC" name="Test" tests="1" failures="0" timestamp="12 Apr 2016 05:56:59 GMT" time="15.935" errors="0">
  <testcase name="main" time="15.935" classname="Test"/>
</testsuite> <!-- Test -->
